<?xml version="1.0" encoding="utf-8"?><testsuites name="pytest tests"><testsuite name="pytest" errors="0" failures="0" skipped="0" tests="14" time="20.636" timestamp="2026-04-19T00:12:29.178316+00:00" hostname="agent-env-7dc491c9-bf13-445c-ae22-a7fe85a537ba"><testcase classname="backend.tests.test_api.TestHealthAndRoot" name="test_health_endpoint" time="0.277" /><testcase classname="backend.tests.test_api.TestHealthAndRoot" name="test_root_endpoint" time="0.137" /><testcase classname="backend.tests.test_api.TestGenerateScript" name="test_generate_script_playwright_with_emergent_key" time="4.185" /><testcase classname="backend.tests.test_api.TestGenerateScript" name="test_generate_script_invalid_framework" time="0.105" /><testcase classname="backend.tests.test_api.TestGenerateScript" name="test_generate_script_cypress" time="3.263" /><testcase classname="backend.tests.test_api.TestGenerateScript" name="test_generate_script_selenium" time="4.761" /><testcase classname="backend.tests.test_api.TestGenerateScript" name="test_generate_script_karate" time="3.873" /><testcase classname="backend.tests.test_api.TestGenerateScript" name="test_generate_script_password_redaction" time="2.295" /><testcase classname="backend.tests.test_api.TestSessionsCRUD" name="test_create_session" time="0.250" /><testcase classname="backend.tests.test_api.TestSessionsCRUD" name="test_list_sessions" time="0.335" /><testcase classname="backend.tests.test_api.TestSessionsCRUD" name="test_get_session_by_id" time="0.393" /><testcase classname="backend.tests.test_api.TestSessionsCRUD" name="test_delete_session" time="0.355" /><testcase classname="backend.tests.test_api.TestSessionsCRUD" name="test_get_nonexistent_session_returns_404" time="0.110" /><testcase classname="backend.tests.test_api.TestExtensionZip" name="test_extension_zip_download" time="0.217" /></testsuite></testsuites>