<?xml version="1.0" encoding="utf-8"?><testsuites name="pytest tests"><testsuite name="pytest" errors="0" failures="0" skipped="0" tests="18" time="25.459" timestamp="2026-04-19T08:58:49.853849+00:00" hostname="agent-env-7dc491c9-bf13-445c-ae22-a7fe85a537ba"><testcase classname="backend.tests.test_api.TestHealthAndRoot" name="test_health_endpoint" time="0.278" /><testcase classname="backend.tests.test_api.TestHealthAndRoot" name="test_root_endpoint" time="0.119" /><testcase classname="backend.tests.test_api.TestGenerateScript" name="test_generate_script_playwright_with_emergent_key" time="8.160" /><testcase classname="backend.tests.test_api.TestGenerateScript" name="test_generate_script_invalid_framework" time="0.160" /><testcase classname="backend.tests.test_api.TestGenerateScript" name="test_generate_script_cypress" time="2.993" /><testcase classname="backend.tests.test_api.TestGenerateScript" name="test_generate_script_selenium" time="4.945" /><testcase classname="backend.tests.test_api.TestGenerateScript" name="test_generate_script_karate" time="3.926" /><testcase classname="backend.tests.test_api.TestGenerateScript" name="test_generate_script_password_redaction" time="2.419" /><testcase classname="backend.tests.test_api.TestAssertionGeneration" name="test_playwright_assertions_visible_and_containsText" time="0.282" /><testcase classname="backend.tests.test_api.TestAssertionGeneration" name="test_cypress_assertions_visible" time="0.183" /><testcase classname="backend.tests.test_api.TestAssertionGeneration" name="test_selenium_assertions_urlContains" time="0.212" /><testcase classname="backend.tests.test_api.TestAssertionGeneration" name="test_karate_assertions_containsText" time="0.200" /><testcase classname="backend.tests.test_api.TestSessionsCRUD" name="test_create_session" time="0.248" /><testcase classname="backend.tests.test_api.TestSessionsCRUD" name="test_list_sessions" time="0.393" /><testcase classname="backend.tests.test_api.TestSessionsCRUD" name="test_get_session_by_id" time="0.312" /><testcase classname="backend.tests.test_api.TestSessionsCRUD" name="test_delete_session" time="0.345" /><testcase classname="backend.tests.test_api.TestSessionsCRUD" name="test_get_nonexistent_session_returns_404" time="0.111" /><testcase classname="backend.tests.test_api.TestExtensionZip" name="test_extension_zip_download" time="0.105" /></testsuite></testsuites>