<?xml version="1.0" encoding="utf-8"?><testsuites name="pytest tests"><testsuite name="pytest" errors="0" failures="0" skipped="0" tests="18" time="19.420" timestamp="2026-04-19T00:32:16.307455+00:00" hostname="agent-env-7dc491c9-bf13-445c-ae22-a7fe85a537ba"><testcase classname="backend.tests.test_api.TestHealthAndRoot" name="test_health_endpoint" time="0.114" /><testcase classname="backend.tests.test_api.TestHealthAndRoot" name="test_root_endpoint" time="0.109" /><testcase classname="backend.tests.test_api.TestGenerateScript" name="test_generate_script_playwright_with_emergent_key" time="2.910" /><testcase classname="backend.tests.test_api.TestGenerateScript" name="test_generate_script_invalid_framework" time="0.103" /><testcase classname="backend.tests.test_api.TestGenerateScript" name="test_generate_script_cypress" time="2.988" /><testcase classname="backend.tests.test_api.TestGenerateScript" name="test_generate_script_selenium" time="4.928" /><testcase classname="backend.tests.test_api.TestGenerateScript" name="test_generate_script_karate" time="3.946" /><testcase classname="backend.tests.test_api.TestGenerateScript" name="test_generate_script_password_redaction" time="1.925" /><testcase classname="backend.tests.test_api.TestAssertionGeneration" name="test_playwright_assertions_visible_and_containsText" time="0.239" /><testcase classname="backend.tests.test_api.TestAssertionGeneration" name="test_cypress_assertions_visible" time="0.193" /><testcase classname="backend.tests.test_api.TestAssertionGeneration" name="test_selenium_assertions_urlContains" time="0.204" /><testcase classname="backend.tests.test_api.TestAssertionGeneration" name="test_karate_assertions_containsText" time="0.224" /><testcase classname="backend.tests.test_api.TestSessionsCRUD" name="test_create_session" time="0.255" /><testcase classname="backend.tests.test_api.TestSessionsCRUD" name="test_list_sessions" time="0.346" /><testcase classname="backend.tests.test_api.TestSessionsCRUD" name="test_get_session_by_id" time="0.338" /><testcase classname="backend.tests.test_api.TestSessionsCRUD" name="test_delete_session" time="0.317" /><testcase classname="backend.tests.test_api.TestSessionsCRUD" name="test_get_nonexistent_session_returns_404" time="0.117" /><testcase classname="backend.tests.test_api.TestExtensionZip" name="test_extension_zip_download" time="0.102" /></testsuite></testsuites>